<?xml version="1.0" encoding="UTF-8"?>
<!-- Generated by org.testng.reporters.JUnitReportReporter -->
<testsuite hostname="Skrobov" name="ru.motiw.testsWeb.Document.CreateDocumentTest" tests="1" failures="1" timestamp="14 Jan 2017 17:22:02 GMT" time="78.657" errors="0">
  <testcase name="verificationDocumentCreation" time="78.657" classname="ru.motiw.testsWeb.Document.CreateDocumentTest">
    <failure type="com.codeborne.selenide.ex.ElementShould" message="Element should be visible {By.xpath: //li[text()=&#039;Текст&#039;]}
Element: &#039;&lt;li class=&quot;x-boundlist-item&quot; role=&quot;option&quot; unselectable=&quot;on&quot; value=&quot;0&quot; displayed:false&gt;&lt;/li&gt;&#039;">
      <![CDATA[Element should be visible {By.xpath: //li[text()='Текст']}
Element: '<li class="x-boundlist-item" role="option" unselectable="on" value="0" displayed:false></li>'
Screenshot: file:/E:/disk/project-webdriver/motiw-GUI-WebDriver/build/reports/tests/1484413973421.21.png
Timeout: 6 s.
	at com.codeborne.selenide.impl.WebElementSource.checkCondition(WebElementSource.java:66)
	at com.codeborne.selenide.impl.WebElementSource.findAndAssertElementIsVisible(WebElementSource.java:72)
	at com.codeborne.selenide.commands.Click.execute(Click.java:14)
	at com.codeborne.selenide.commands.Click.execute(Click.java:11)
	at com.codeborne.selenide.commands.Commands.execute(Commands.java:140)
	at com.codeborne.selenide.impl.SelenideElementProxy.dispatchAndRetry(SelenideElementProxy.java:86)
	at com.codeborne.selenide.impl.SelenideElementProxy.invoke(SelenideElementProxy.java:62)
	at com.sun.proxy.$Proxy12.click(Unknown Source)
	at ru.motiw.web.steps.Administration.TaskTypeListEditSteps.selectTheTypeOfField(TaskTypeListEditSteps.java:59)
	at ru.motiw.web.steps.Administration.TaskTypeListEditSteps.addAllFieldsTaskTypeList(TaskTypeListEditSteps.java:265)
	at ru.motiw.web.steps.Administration.Directories.DirectoriesEditSteps.addAllFieldsTaskTypeList(DirectoriesEditSteps.java:105)
	at ru.motiw.testsWeb.Document.CreateDocumentTest.verificationDocumentCreation(CreateDocumentTest.java:82)
	at sun.reflect.NativeMethodAccessorImpl.invoke0(Native Method)
	at sun.reflect.NativeMethodAccessorImpl.invoke(Unknown Source)
	at sun.reflect.DelegatingMethodAccessorImpl.invoke(Unknown Source)
	at java.lang.reflect.Method.invoke(Unknown Source)
	at org.testng.internal.MethodInvocationHelper.invokeMethod(MethodInvocationHelper.java:86)
	at org.testng.internal.Invoker.invokeMethod(Invoker.java:643)
	at org.testng.internal.Invoker.invokeTestMethod(Invoker.java:820)
	at org.testng.internal.Invoker.invokeTestMethods(Invoker.java:1128)
	at org.testng.internal.TestMethodWorker.invokeTestMethods(TestMethodWorker.java:129)
	at org.testng.internal.TestMethodWorker.run(TestMethodWorker.java:112)
	at org.testng.TestRunner.privateRun(TestRunner.java:782)
	at org.testng.TestRunner.run(TestRunner.java:632)
	at org.testng.SuiteRunner.runTest(SuiteRunner.java:366)
	at org.testng.SuiteRunner.runSequentially(SuiteRunner.java:361)
	at org.testng.SuiteRunner.privateRun(SuiteRunner.java:319)
	at org.testng.SuiteRunner.run(SuiteRunner.java:268)
	at org.testng.SuiteRunnerWorker.runSuite(SuiteRunnerWorker.java:52)
	at org.testng.SuiteRunnerWorker.run(SuiteRunnerWorker.java:86)
	at org.testng.TestNG.runSuitesSequentially(TestNG.java:1244)
	at org.testng.TestNG.runSuitesLocally(TestNG.java:1169)
	at org.testng.TestNG.run(TestNG.java:1064)
	at org.testng.remote.AbstractRemoteTestNG.run(AbstractRemoteTestNG.java:132)
	at org.testng.remote.RemoteTestNG.initAndRun(RemoteTestNG.java:236)
	at org.testng.remote.RemoteTestNG.main(RemoteTestNG.java:81)
]]>
    </failure>
  </testcase> <!-- verificationDocumentCreation -->
</testsuite> <!-- ru.motiw.testsWeb.Document.CreateDocumentTest -->
