<?xml version="1.0" encoding="UTF-8"?>
<!-- Generated by org.testng.reporters.JUnitReportReporter -->
<testsuite hostname="Skrobov" name="ru.motiw.testsWeb.Administration.TasksTypeTest" tests="1" failures="0" timestamp="14 Jan 2017 17:22:02 GMT" time="52.573" errors="0">
  <testcase name="verifyCreateTaskTypes" time="52.573" classname="ru.motiw.testsWeb.Administration.TasksTypeTest"/>
</testsuite> <!-- ru.motiw.testsWeb.Administration.TasksTypeTest -->
