<?xml version="1.0" encoding="UTF-8"?>
<!-- Generated by org.testng.reporters.JUnitReportReporter -->
<testsuite hostname="Skrobov" name="ru.motiw.testsWeb.Administration.TypesOfTablesTest" tests="1" failures="0" timestamp="14 Jan 2017 17:22:02 GMT" time="33.180" errors="0">
  <testcase name="checkTheCreationOfAnObjectTypeTable" time="33.180" classname="ru.motiw.testsWeb.Administration.TypesOfTablesTest"/>
</testsuite> <!-- ru.motiw.testsWeb.Administration.TypesOfTablesTest -->
