<?xml version="1.0" encoding="UTF-8"?>
<!-- Generated by org.testng.reporters.JUnitReportReporter -->
<testsuite hostname="Skrobov" name="ru.motiw.testsWeb.DocflowAdministration.DictionaryEditorTest" tests="1" failures="1" timestamp="14 Jan 2017 17:22:02 GMT" time="17.737" errors="0">
  <testcase name="createDictionaryEditor" time="17.737" classname="ru.motiw.testsWeb.DocflowAdministration.DictionaryEditorTest">
    <failure type="com.codeborne.selenide.ex.ElementShould" message="Element should be exact text &#039;ЧЮgwRAЛгыэnЯЪ5E
7ДnьzЧgCМЁл68КЧчхШcrМЧPaf61c1rPЬнyQpэЩЛдIleмыhыР3ц&#039; {By.xpath: (//div[contains(@id,&#039;dict_words-body&#039;)]//td[2]/div)[2]}
Element: &#039;&lt;div class=&quot;x-grid-cell-inner &quot; unselectable=&quot;on&quot;&gt;ЧЮgwЛгыэnЯЪ5E 7ДnьzЧgCМЁл68КЧчхШcrМЧPaf61c1rPЬнyQpэЩЛдIleмыыР3цhR&lt;/div&gt;&#039;">
      <![CDATA[Element should be exact text 'ЧЮgwRAЛгыэnЯЪ5E
7ДnьzЧgCМЁл68КЧчхШcrМЧPaf61c1rPЬнyQpэЩЛдIleмыhыР3ц' {By.xpath: (//div[contains(@id,'dict_words-body')]//td[2]/div)[2]}
Element: '<div class="x-grid-cell-inner " unselectable="on">ЧЮgwЛгыэnЯЪ5E 7ДnьzЧgCМЁл68КЧчхШcrМЧPaf61c1rPЬнyQpэЩЛдIleмыыР3цhR</div>'
Screenshot: file:/E:/disk/project-webdriver/motiw-GUI-WebDriver/build/reports/tests/1484413991471.22.png
Timeout: 6 s.
	at com.codeborne.selenide.impl.WebElementSource.checkCondition(WebElementSource.java:66)
	at com.codeborne.selenide.commands.Should.should(Should.java:35)
	at com.codeborne.selenide.commands.Should.execute(Should.java:29)
	at com.codeborne.selenide.commands.Should.execute(Should.java:12)
	at com.codeborne.selenide.commands.Commands.execute(Commands.java:140)
	at com.codeborne.selenide.impl.SelenideElementProxy.dispatchAndRetry(SelenideElementProxy.java:86)
	at com.codeborne.selenide.impl.SelenideElementProxy.invoke(SelenideElementProxy.java:62)
	at com.sun.proxy.$Proxy12.shouldBe(Unknown Source)
	at ru.motiw.web.steps.DocflowAdministration.DictionaryEditorSteps.addDictionItemFields(DictionaryEditorSteps.java:89)
	at ru.motiw.web.steps.DocflowAdministration.DictionaryEditorSteps.addDictionaryEditor(DictionaryEditorSteps.java:126)
	at ru.motiw.testsWeb.DocflowAdministration.DictionaryEditorTest.createDictionaryEditor(DictionaryEditorTest.java:43)
	at sun.reflect.NativeMethodAccessorImpl.invoke0(Native Method)
	at sun.reflect.NativeMethodAccessorImpl.invoke(Unknown Source)
	at sun.reflect.DelegatingMethodAccessorImpl.invoke(Unknown Source)
	at java.lang.reflect.Method.invoke(Unknown Source)
	at org.testng.internal.MethodInvocationHelper.invokeMethod(MethodInvocationHelper.java:86)
	at org.testng.internal.Invoker.invokeMethod(Invoker.java:643)
	at org.testng.internal.Invoker.invokeTestMethod(Invoker.java:820)
	at org.testng.internal.Invoker.invokeTestMethods(Invoker.java:1128)
	at org.testng.internal.TestMethodWorker.invokeTestMethods(TestMethodWorker.java:129)
	at org.testng.internal.TestMethodWorker.run(TestMethodWorker.java:112)
	at org.testng.TestRunner.privateRun(TestRunner.java:782)
	at org.testng.TestRunner.run(TestRunner.java:632)
	at org.testng.SuiteRunner.runTest(SuiteRunner.java:366)
	at org.testng.SuiteRunner.runSequentially(SuiteRunner.java:361)
	at org.testng.SuiteRunner.privateRun(SuiteRunner.java:319)
	at org.testng.SuiteRunner.run(SuiteRunner.java:268)
	at org.testng.SuiteRunnerWorker.runSuite(SuiteRunnerWorker.java:52)
	at org.testng.SuiteRunnerWorker.run(SuiteRunnerWorker.java:86)
	at org.testng.TestNG.runSuitesSequentially(TestNG.java:1244)
	at org.testng.TestNG.runSuitesLocally(TestNG.java:1169)
	at org.testng.TestNG.run(TestNG.java:1064)
	at org.testng.remote.AbstractRemoteTestNG.run(AbstractRemoteTestNG.java:132)
	at org.testng.remote.RemoteTestNG.initAndRun(RemoteTestNG.java:236)
	at org.testng.remote.RemoteTestNG.main(RemoteTestNG.java:81)
]]>
    </failure>
  </testcase> <!-- createDictionaryEditor -->
</testsuite> <!-- ru.motiw.testsWeb.DocflowAdministration.DictionaryEditorTest -->
