<?xml version="1.0" encoding="UTF-8"?>
<!-- Generated by org.testng.reporters.JUnitReportReporter -->
<testsuite hostname="Skrobov" name="ru.motiw.testsWeb.Administration.DirectoriesTest" tests="1" failures="0" timestamp="14 Jan 2017 17:22:02 GMT" time="30.418" errors="0">
  <testcase name="checkCreateDirectories" time="30.418" classname="ru.motiw.testsWeb.Administration.DirectoriesTest"/>
</testsuite> <!-- ru.motiw.testsWeb.Administration.DirectoriesTest -->
