<?xml version="1.0" encoding="UTF-8"?>
<!-- Generated by org.testng.reporters.JUnitReportReporter -->
<testsuite hostname="Skrobov" name="ru.motiw.testsWeb.Administration.UsersTest" tests="3" failures="0" timestamp="14 Jan 2017 17:22:02 GMT" time="498.916" errors="0">
  <testcase name="verifyCreatingUsers" time="400.956" classname="ru.motiw.testsWeb.Administration.UsersTest"/>
  <testcase name="verifyCreatingAndRemovalDepartments" time="67.133" classname="ru.motiw.testsWeb.Administration.UsersTest"/>
  <testcase name="verifyRemovalUsers" time="30.827" classname="ru.motiw.testsWeb.Administration.UsersTest"/>
</testsuite> <!-- ru.motiw.testsWeb.Administration.UsersTest -->
