<?xml version="1.0" encoding="UTF-8"?>
<!-- Generated by org.testng.reporters.JUnitReportReporter -->
<testsuite hostname="Skrobov" name="ru.motiw.testsWeb.DocflowAdministration.DocumentRegistrationCardsTest" tests="1" failures="0" timestamp="14 Jan 2017 17:22:02 GMT" time="75.952" errors="0">
  <testcase name="verifyCreateRegCardDocumentAllFields" time="75.952" classname="ru.motiw.testsWeb.DocflowAdministration.DocumentRegistrationCardsTest"/>
</testsuite> <!-- ru.motiw.testsWeb.DocflowAdministration.DocumentRegistrationCardsTest -->
